--876e0ca2c--2018-12-20--maria
19	9	ODIN_II/SRC/partial_map.cpp

--88735dc78--2018-12-19--Scott Young
12	7	ODIN_II/SRC/ast_loop_unroll.cpp

--0c1aa7a08--2018-12-19--Scott Young
170	58	ODIN_II/SRC/ast_loop_unroll.cpp
12	0	ODIN_II/SRC/include/ast_loop_unroll.h

--1893ed4dc--2018-12-09--jeanlego
25	4	ODIN_II/SRC/simulate_blif.cpp

--d700d21ab--2018-12-08--jeanlego
--4d63b5074--2018-12-08--jeanlego
3	15	ODIN_II/SRC/simulate_blif.cpp

--85501dd0c--2018-12-04--Scott Young
2	1	ODIN_II/SRC/ast_elaborate.cpp
284	0	ODIN_II/SRC/ast_loop_unroll.cpp
17	1	ODIN_II/SRC/ast_util.cpp
33	0	ODIN_II/SRC/include/ast_loop_unroll.h
2	0	ODIN_II/SRC/include/netlist_utils.h
1	0	ODIN_II/SRC/include/types.h
2	1	ODIN_II/SRC/netlist_create_from_ast.cpp
27	0	ODIN_II/SRC/netlist_utils.cpp
5	1	ODIN_II/SRC/odin_util.cpp
1	0	ODIN_II/SRC/output_blif.cpp
4	1	ODIN_II/SRC/parse_making_ast.cpp
51	1	ODIN_II/SRC/partial_map.cpp
1	0	ODIN_II/SRC/read_blif.cpp
1	0	ODIN_II/SRC/simulate_blif.cpp
3	2	ODIN_II/SRC/verilog_bison.y
1	1	ODIN_II/SRC/verilog_flex.l

--0c0bac505--2018-12-03--jeanlego
117	100	ODIN_II/SRC/include/AtomicBuffer.hpp

--da54968a4--2018-12-02--jeanlego
1	1	ODIN_II/SRC/odin_ii.cpp
5	5	ODIN_II/SRC/simulate_blif.cpp

--84f79d04e--2018-12-02--jeanlego
1	1	ODIN_II/SRC/include/soft_logic_def_parser.h
2	0	ODIN_II/SRC/include/types.h
33	37	ODIN_II/SRC/odin_ii.cpp
13	15	ODIN_II/SRC/simulate_blif.cpp
20	6	ODIN_II/SRC/soft_logic_def_parser.cpp

--14e54f77b--2018-12-01--jeanlego
4	24	ODIN_II/SRC/include/AtomicBuffer.hpp
0	84	ODIN_II/SRC/include/AtomicRam.hpp
0	97	ODIN_II/SRC/include/AtomicRow.hpp
1	2	ODIN_II/SRC/include/types.h
1	1	ODIN_II/SRC/odin_ii.cpp
18	16	ODIN_II/SRC/simulate_blif.cpp

--52462f89c--2018-12-01--jeanlego
177	0	ODIN_II/SRC/include/AtomicBuffer.hpp
84	0	ODIN_II/SRC/include/AtomicRam.hpp
97	0	ODIN_II/SRC/include/AtomicRow.hpp
0	5	ODIN_II/SRC/include/simulate_blif.h
9	13	ODIN_II/SRC/include/types.h
0	6	ODIN_II/SRC/netlist_utils.cpp
4	1	ODIN_II/SRC/odin_ii.cpp
47	150	ODIN_II/SRC/simulate_blif.cpp

--d373cee59--2018-11-29--jeanlego
1	1	ODIN_II/SRC/adders.cpp
1	1	ODIN_II/SRC/hard_blocks.cpp
1	1	ODIN_II/SRC/include/adders.h
1	1	ODIN_II/SRC/include/hard_blocks.h
1	1	ODIN_II/SRC/include/multipliers.h
1	0	ODIN_II/SRC/include/simulate_blif.h
3	0	ODIN_II/SRC/include/types.h
1	1	ODIN_II/SRC/multipliers.cpp
7	7	ODIN_II/SRC/output_blif.cpp
10	9	ODIN_II/SRC/partial_map.cpp
62	35	ODIN_II/SRC/read_blif.cpp
118	86	ODIN_II/SRC/simulate_blif.cpp

--8193e56dc--2018-11-27--jeanlego
6	3	ODIN_II/SRC/hard_blocks.cpp
1	1	ODIN_II/SRC/include/odin_ii.h
1	1	ODIN_II/SRC/include/read_blif.h
2	0	ODIN_II/SRC/include/types.h
49	0	ODIN_II/SRC/memories.cpp
3	0	ODIN_II/SRC/netlist_utils.cpp
163	124	ODIN_II/SRC/odin_ii.cpp
1	1	ODIN_II/SRC/output_blif.cpp
56	54	ODIN_II/SRC/read_blif.cpp
1	1	ODIN_II/SRC/simulate_blif.cpp

--874d60ea6--2018-11-27--jeanlego
2	2	ODIN_II/SRC/simulate_blif.cpp

--91ffc2e84--2018-11-27--jeanlego
11	5	ODIN_II/SRC/implicit_memory.cpp
1	0	ODIN_II/SRC/include/implicit_memory.h
3	3	ODIN_II/SRC/include/memories.h
1	1	ODIN_II/SRC/include/types.h
20	20	ODIN_II/SRC/memories.cpp
35	2	ODIN_II/SRC/netlist_create_from_ast.cpp
1	1	ODIN_II/SRC/netlist_utils.cpp
71	112	ODIN_II/SRC/simulate_blif.cpp

--5bf492980--2018-11-20--jeanlego
17	6	ODIN_II/SRC/odin_util.cpp

--2326ab28a--2018-11-19--jeanlego
5	7	ODIN_II/SRC/simulate_blif.cpp

--780bd1ebb--2018-11-17--jeanlego
1	1	ODIN_II/SRC/read_blif.cpp

--827218c26--2018-11-17--jeanlego
1	1	ODIN_II/SRC/read_blif.cpp

--5e166de04--2018-11-16--jeanlego
3	1	ODIN_II/SRC/include/node_creation_library.h
4	0	ODIN_II/SRC/include/odin_util.h
2	2	ODIN_II/SRC/include/read_blif.h
1	0	ODIN_II/SRC/include/simulate_blif.h
29	6	ODIN_II/SRC/include/types.h
2	0	ODIN_II/SRC/memories.cpp
125	73	ODIN_II/SRC/netlist_create_from_ast.cpp
5	0	ODIN_II/SRC/netlist_utils.cpp
30	181	ODIN_II/SRC/node_creation_library.cpp
16	1	ODIN_II/SRC/odin_ii.cpp
220	0	ODIN_II/SRC/odin_util.cpp
49	88	ODIN_II/SRC/output_blif.cpp
20	8	ODIN_II/SRC/read_blif.cpp
428	333	ODIN_II/SRC/simulate_blif.cpp

--cee16c3db--2018-09-27--jeanlego
18	27	ODIN_II/SRC/verilog_preprocessor.cpp

--6e540de52--2018-09-25--jeanlego
1	0	ODIN_II/SRC/include/types.h
12	0	ODIN_II/SRC/odin_ii.cpp
120	114	ODIN_II/SRC/simulate_blif.cpp

--905b6381f--2018-09-24--jeanlego
11	2	ODIN_II/SRC/implicit_memory.cpp
2	3	ODIN_II/SRC/include/implicit_memory.h
2	2	ODIN_II/SRC/include/simulate_blif.h
1	0	ODIN_II/SRC/netlist_create_from_ast.cpp
27	39	ODIN_II/SRC/simulate_blif.cpp
0	2	ODIN_II/SRC/verilog_preprocessor.cpp

--0cb6d2e9e--2018-09-24--jeanlego
1	1	ODIN_II/SRC/include/verilog_preprocessor.h
10	10	ODIN_II/SRC/verilog_preprocessor.cpp

--ef8eff676--2018-09-24--jeanlego
20	4	ODIN_II/SRC/verilog_preprocessor.cpp

--328ecf16c--2018-09-24--jeanlego
17	17	ODIN_II/SRC/adders.cpp
7	7	ODIN_II/SRC/ast_util.cpp
9	9	ODIN_II/SRC/hard_blocks.cpp
3	0	ODIN_II/SRC/include/odin_util.h
1	1	ODIN_II/SRC/include/verilog_preprocessor.h
11	11	ODIN_II/SRC/multipliers.cpp
4	4	ODIN_II/SRC/netlist_create_from_ast.cpp
6	6	ODIN_II/SRC/netlist_visualizer.cpp
8	11	ODIN_II/SRC/odin_ii.cpp
56	4	ODIN_II/SRC/odin_util.cpp
1	1	ODIN_II/SRC/output_blif.cpp
2	2	ODIN_II/SRC/parse_making_ast.cpp
3	3	ODIN_II/SRC/read_blif.cpp
7	7	ODIN_II/SRC/simulate_blif.cpp
4	4	ODIN_II/SRC/subtractions.cpp
30	28	ODIN_II/SRC/verilog_preprocessor.cpp

--91ecbc65d--2018-09-23--jeanlego
30	31	ODIN_II/SRC/implicit_memory.cpp
4	3	ODIN_II/SRC/include/implicit_memory.h
4	3	ODIN_II/SRC/include/simulate_blif.h
0	1	ODIN_II/SRC/netlist_create_from_ast.cpp
87	114	ODIN_II/SRC/simulate_blif.cpp

--a57734e98--2018-09-22--jeanlego
2	2	ODIN_II/SRC/odin_ii.cpp
18	39	ODIN_II/SRC/verilog_preprocessor.cpp

--abe62c970--2018-09-22--jeanlego
0	8	ODIN_II/SRC/include/simulate_blif.h
5	7	ODIN_II/SRC/include/types.h
20	23	ODIN_II/SRC/odin_ii.cpp
27	77	ODIN_II/SRC/simulate_blif.cpp

--3b01de871--2018-09-22--jeanlego
1	0	ODIN_II/SRC/include/odin_util.h
3	2	ODIN_II/SRC/odin_ii.cpp
23	0	ODIN_II/SRC/odin_util.cpp
23	15	ODIN_II/SRC/parse_making_ast.cpp

--f19462490--2018-09-22--jeanlego
1	1	ODIN_II/SRC/include/odin_util.h
1	2	ODIN_II/SRC/include/types.h
1	1	ODIN_II/SRC/include/verilog_preprocessor.h
21	3	ODIN_II/SRC/odin_ii.cpp
6	7	ODIN_II/SRC/odin_util.cpp
16	68	ODIN_II/SRC/parse_making_ast.cpp
1	6	ODIN_II/SRC/read_xml_config_file.cpp
5	1	ODIN_II/SRC/simulate_blif.cpp
6	11	ODIN_II/SRC/verilog_preprocessor.cpp

--7fe069e23--2018-09-06--jeanlego
11	30	ODIN_II/SRC/parse_making_ast.cpp

--58e3ff41d--2018-09-04--jeanlego
3	1	ODIN_II/SRC/include/odin_ii.h
303	255	ODIN_II/SRC/odin_ii.cpp

--c496b4ec0--2018-08-29--jeanlego
40	11	ODIN_II/SRC/simulate_blif.cpp

--3c5f3b88c--2018-07-26--jeanlego
9	0	ODIN_II/SRC/include/simulate_blif.h
13	5	ODIN_II/SRC/odin_ii.cpp
15	8	ODIN_II/SRC/simulate_blif.cpp

--058b1fd29--2018-07-25--jeanlego
1	5	ODIN_II/SRC/odin_ii.cpp

--4d1ef19c5--2018-07-25--jeanlego
8	0	ODIN_II/SRC/include/odin_ii.h
10	0	ODIN_II/SRC/include/odin_util.h
29	98	ODIN_II/SRC/include/simulate_blif.h
2	0	ODIN_II/SRC/include/types.h
31	20	ODIN_II/SRC/odin_ii.cpp
108	0	ODIN_II/SRC/odin_util.cpp
360	428	ODIN_II/SRC/simulate_blif.cpp

--f73ea5018--2018-07-25--jeanlego
215	162	ODIN_II/SRC/simulate_blif.cpp

--45d1de1e9--2018-07-23--jeanlego
1	7	ODIN_II/SRC/include/simulate_blif.h
1	0	ODIN_II/SRC/netlist_cleanup.cpp
10	9	ODIN_II/SRC/netlist_visualizer.cpp
69	102	ODIN_II/SRC/simulate_blif.cpp
45	58	ODIN_II/SRC/soft_logic_def_parser.cpp

--b01199a49--2018-07-23--jeanlego
1	6	ODIN_II/SRC/simulate_blif.cpp

--0e13fe4bd--2018-07-23--jeanlego
2	1	ODIN_II/SRC/include/simulate_blif.h
25	18	ODIN_II/SRC/simulate_blif.cpp

--95d61d098--2018-07-22--jeanlego
5	0	ODIN_II/SRC/include/netlist_utils.h
0	2	ODIN_II/SRC/include/print_netlist.h
0	55	ODIN_II/SRC/include/queue.h
5	8	ODIN_II/SRC/include/simulate_blif.h
10	2	ODIN_II/SRC/include/types.h
307	0	ODIN_II/SRC/netlist_utils.cpp
0	6	ODIN_II/SRC/odin_util.cpp
0	335	ODIN_II/SRC/print_netlist.cpp
0	114	ODIN_II/SRC/queue.cpp
243	192	ODIN_II/SRC/simulate_blif.cpp

--d6d627600--2018-07-20--jeanlego
0	396	ODIN_II/SRC/DEBUG_TOOLS/netlist_visualizer.cpp
0	4	ODIN_II/SRC/DEBUG_TOOLS/netlist_visualizer.h
0	335	ODIN_II/SRC/DEBUG_TOOLS/print_netlist.cpp
0	2	ODIN_II/SRC/DEBUG_TOOLS/print_netlist.h
0	330	ODIN_II/SRC/PARSE_TOOL/read_xml_config_file.cpp
0	33	ODIN_II/SRC/PARSE_TOOL/read_xml_config_file.h
0	171	ODIN_II/SRC/PARSE_TOOL/soft_logic_def_parser.cpp
0	54	ODIN_II/SRC/PARSE_TOOL/soft_logic_def_parser.h
0	527	ODIN_II/SRC/PARSE_TOOL/verilog_bison.y
0	4	ODIN_II/SRC/PARSE_TOOL/verilog_bison_user_defined.h
0	237	ODIN_II/SRC/PARSE_TOOL/verilog_flex.l
0	828	ODIN_II/SRC/PARSE_TOOL/verilog_preprocessor.cpp
0	88	ODIN_II/SRC/PARSE_TOOL/verilog_preprocessor.h
0	730	ODIN_II/SRC/SIM_TOOLS/ace.cpp
0	31	ODIN_II/SRC/SIM_TOOLS/ace.h
0	114	ODIN_II/SRC/SIM_TOOLS/queue.cpp
0	55	ODIN_II/SRC/SIM_TOOLS/queue.h
0	11	ODIN_II/SRC/SIM_TOOLS/sim_block.h
0	3750	ODIN_II/SRC/SIM_TOOLS/simulate_blif.cpp
0	222	ODIN_II/SRC/SIM_TOOLS/simulate_blif.h
0	200	ODIN_II/SRC/STRING_HASH_TOOL/hashtable.cpp
0	63	ODIN_II/SRC/STRING_HASH_TOOL/hashtable.h
0	193	ODIN_II/SRC/STRING_HASH_TOOL/string_cache.cpp
0	47	ODIN_II/SRC/STRING_HASH_TOOL/string_cache.h
0	58	ODIN_II/SRC/globals.h
0	1613	ODIN_II/SRC/lib_ast/ast_elaborate.cpp
0	96	ODIN_II/SRC/lib_ast/ast_elaborate.h
0	1390	ODIN_II/SRC/lib_ast/ast_util.cpp
0	36	ODIN_II/SRC/lib_ast/ast_util.h
0	2197	ODIN_II/SRC/lib_ast/parse_making_ast.cpp
0	82	ODIN_II/SRC/lib_ast/parse_making_ast.h
0	923	ODIN_II/SRC/lib_blif/output_blif.cpp
0	7	ODIN_II/SRC/lib_blif/output_blif.h
0	1685	ODIN_II/SRC/lib_blif/read_blif.cpp
0	8	ODIN_II/SRC/lib_blif/read_blif.h
0	1631	ODIN_II/SRC/lib_blocks/adders.cpp
0	84	ODIN_II/SRC/lib_blocks/adders.h
0	381	ODIN_II/SRC/lib_blocks/hard_blocks.cpp
0	43	ODIN_II/SRC/lib_blocks/hard_blocks.h
0	359	ODIN_II/SRC/lib_blocks/implicit_memory.cpp
0	58	ODIN_II/SRC/lib_blocks/implicit_memory.h
0	1741	ODIN_II/SRC/lib_blocks/memories.cpp
0	114	ODIN_II/SRC/lib_blocks/memories.h
0	1172	ODIN_II/SRC/lib_blocks/multipliers.cpp
0	53	ODIN_II/SRC/lib_blocks/multipliers.h
0	740	ODIN_II/SRC/lib_blocks/subtractions.cpp
0	41	ODIN_II/SRC/lib_blocks/subtractions.h
0	833	ODIN_II/SRC/lib_netlist/netlist_check.cpp
0	3	ODIN_II/SRC/lib_netlist/netlist_check.h
0	237	ODIN_II/SRC/lib_netlist/netlist_cleanup.cpp
0	6	ODIN_II/SRC/lib_netlist/netlist_cleanup.h
0	5671	ODIN_II/SRC/lib_netlist/netlist_create_from_ast.cpp
0	7	ODIN_II/SRC/lib_netlist/netlist_create_from_ast.h
0	1073	ODIN_II/SRC/lib_netlist/netlist_utils.cpp
0	71	ODIN_II/SRC/lib_netlist/netlist_utils.h
0	487	ODIN_II/SRC/lib_netlist/node_creation_library.cpp
0	22	ODIN_II/SRC/lib_netlist/node_creation_library.h
0	1076	ODIN_II/SRC/lib_netlist/partial_map.cpp
0	35	ODIN_II/SRC/lib_netlist/partial_map.h
0	54	ODIN_II/SRC/odin_util.h
0	643	ODIN_II/SRC/types.h

--5288091c3--2018-07-20--jeanlego
730	0	ODIN_II/SRC/ace.cpp
1631	0	ODIN_II/SRC/adders.cpp
1613	0	ODIN_II/SRC/ast_elaborate.cpp
1390	0	ODIN_II/SRC/ast_util.cpp
381	0	ODIN_II/SRC/hard_blocks.cpp
200	0	ODIN_II/SRC/hashtable.cpp
359	0	ODIN_II/SRC/implicit_memory.cpp
31	0	ODIN_II/SRC/include/ace.h
84	0	ODIN_II/SRC/include/adders.h
96	0	ODIN_II/SRC/include/ast_elaborate.h
36	0	ODIN_II/SRC/include/ast_util.h
58	0	ODIN_II/SRC/include/globals.h
43	0	ODIN_II/SRC/include/hard_blocks.h
63	0	ODIN_II/SRC/include/hashtable.h
58	0	ODIN_II/SRC/include/implicit_memory.h
114	0	ODIN_II/SRC/include/memories.h
53	0	ODIN_II/SRC/include/multipliers.h
3	0	ODIN_II/SRC/include/netlist_check.h
6	0	ODIN_II/SRC/include/netlist_cleanup.h
7	0	ODIN_II/SRC/include/netlist_create_from_ast.h
71	0	ODIN_II/SRC/include/netlist_utils.h
4	0	ODIN_II/SRC/include/netlist_visualizer.h
22	0	ODIN_II/SRC/include/node_creation_library.h
54	0	ODIN_II/SRC/include/odin_util.h
7	0	ODIN_II/SRC/include/output_blif.h
82	0	ODIN_II/SRC/include/parse_making_ast.h
35	0	ODIN_II/SRC/include/partial_map.h
2	0	ODIN_II/SRC/include/print_netlist.h
55	0	ODIN_II/SRC/include/queue.h
8	0	ODIN_II/SRC/include/read_blif.h
33	0	ODIN_II/SRC/include/read_xml_config_file.h
11	0	ODIN_II/SRC/include/sim_block.h
222	0	ODIN_II/SRC/include/simulate_blif.h
54	0	ODIN_II/SRC/include/soft_logic_def_parser.h
47	0	ODIN_II/SRC/include/string_cache.h
41	0	ODIN_II/SRC/include/subtractions.h
643	0	ODIN_II/SRC/include/types.h
4	0	ODIN_II/SRC/include/verilog_bison_user_defined.h
88	0	ODIN_II/SRC/include/verilog_preprocessor.h
1741	0	ODIN_II/SRC/memories.cpp
1172	0	ODIN_II/SRC/multipliers.cpp
833	0	ODIN_II/SRC/netlist_check.cpp
237	0	ODIN_II/SRC/netlist_cleanup.cpp
5671	0	ODIN_II/SRC/netlist_create_from_ast.cpp
1073	0	ODIN_II/SRC/netlist_utils.cpp
396	0	ODIN_II/SRC/netlist_visualizer.cpp
487	0	ODIN_II/SRC/node_creation_library.cpp
923	0	ODIN_II/SRC/output_blif.cpp
2197	0	ODIN_II/SRC/parse_making_ast.cpp
1076	0	ODIN_II/SRC/partial_map.cpp
335	0	ODIN_II/SRC/print_netlist.cpp
114	0	ODIN_II/SRC/queue.cpp
1685	0	ODIN_II/SRC/read_blif.cpp
330	0	ODIN_II/SRC/read_xml_config_file.cpp
3750	0	ODIN_II/SRC/simulate_blif.cpp
171	0	ODIN_II/SRC/soft_logic_def_parser.cpp
193	0	ODIN_II/SRC/string_cache.cpp
740	0	ODIN_II/SRC/subtractions.cpp
527	0	ODIN_II/SRC/verilog_bison.y
237	0	ODIN_II/SRC/verilog_flex.l
828	0	ODIN_II/SRC/verilog_preprocessor.cpp

--6aad201c2--2018-06-16--jeanlego
22	10	ODIN_II/SRC/lib_ast/ast_util.cpp

--b23c1df9c--2018-06-15--kmurray
0	2	ODIN_II/SRC/lib_ast/parse_making_ast.cpp

--c985d8497--2018-06-15--jeanlego
--dc4d87380--2018-06-15--jeanlego
1	1	ODIN_II/SRC/PARSE_TOOL/soft_logic_def_parser.cpp
135	111	ODIN_II/SRC/PARSE_TOOL/verilog_bison.y
25	38	ODIN_II/SRC/PARSE_TOOL/verilog_flex.l
51	94	ODIN_II/SRC/lib_ast/ast_util.cpp
1	2	ODIN_II/SRC/lib_ast/ast_util.h
7	18	ODIN_II/SRC/lib_ast/parse_making_ast.cpp
2	2	ODIN_II/SRC/lib_ast/parse_making_ast.h
5	5	ODIN_II/SRC/odin_ii.cpp
14	5	ODIN_II/SRC/types.h

--222bedfc2--2018-06-15--jeanlego
6	6	ODIN_II/SRC/odin_ii.cpp

--7105aa2f4--2018-06-15--jeanlego
2	2	ODIN_II/SRC/PARSE_TOOL/soft_logic_def_parser.cpp
1	1	ODIN_II/SRC/PARSE_TOOL/soft_logic_def_parser.h
18	11	ODIN_II/SRC/odin_ii.cpp

--f6094af4d--2018-06-12--kmurray
1	0	ODIN_II/SRC/odin_ii.cpp

--6a26185c8--2018-06-08--jeanlego
81	58	ODIN_II/SRC/lib_blocks/adders.cpp
1	1	ODIN_II/SRC/odin_ii.cpp

--8f834f102--2018-06-07--jeanlego
7	8	ODIN_II/SRC/PARSE_TOOL/soft_logic_def_parser.cpp

--574e2cad1--2018-06-06--jeanlego
82	34	ODIN_II/SRC/PARSE_TOOL/soft_logic_def_parser.cpp
11	7	ODIN_II/SRC/lib_blocks/adders.cpp
12	60	ODIN_II/SRC/odin_ii.cpp

--98f744c23--2018-06-01--jeanlego
222	94	ODIN_II/SRC/DEBUG_TOOLS/netlist_visualizer.cpp
53	33	ODIN_II/SRC/PARSE_TOOL/soft_logic_def_parser.cpp
4	7	ODIN_II/SRC/PARSE_TOOL/soft_logic_def_parser.h
123	129	ODIN_II/SRC/lib_blocks/adders.cpp
1	1	ODIN_II/SRC/lib_blocks/adders.h
3	7	ODIN_II/SRC/lib_netlist/partial_map.cpp
4	11	ODIN_II/SRC/odin_util.cpp

--7d155f7e9--2018-05-31--jeanlego
0	392	ODIN_II/SRC/DEBUG_TOOLS/netlist_visualizer.c
94	222	ODIN_II/SRC/DEBUG_TOOLS/netlist_visualizer.cpp
0	335	ODIN_II/SRC/DEBUG_TOOLS/print_netlist.c
65	24	ODIN_II/SRC/PARSE_TOOL/soft_logic_def_parser.cpp
35	0	ODIN_II/SRC/PARSE_TOOL/soft_logic_def_parser.h
120	118	ODIN_II/SRC/lib_blocks/adders.cpp
13	19	ODIN_II/SRC/odin_util.cpp
1	2	ODIN_II/SRC/odin_util.h
0	20	ODIN_II/SRC/types.h

--7dfeeb85a--2018-05-31--jeanlego
63	0	ODIN_II/SRC/PARSE_TOOL/soft_logic_def_parser.cpp
22	0	ODIN_II/SRC/PARSE_TOOL/soft_logic_def_parser.h
0	197	ODIN_II/SRC/lib_blocks/adder_def.cpp
102	21	ODIN_II/SRC/lib_blocks/adders.cpp
0	18	ODIN_II/SRC/lib_blocks/adders.h
13	18	ODIN_II/SRC/odin_ii.cpp
11	3	ODIN_II/SRC/types.h

--aee7d48e6--2018-05-29--jeanlego
106	104	ODIN_II/SRC/lib_blocks/adders.cpp

--25df8ed11--2018-04-27--Joel Holdsworth
1	1	ODIN_II/SRC/lib_ast/parse_making_ast.cpp

--894117a8f--2018-04-27--kmurray
2	0	ODIN_II/SRC/odin_ii.cpp

--1fe6c1d18--2018-04-25--Joel Holdsworth
9	9	ODIN_II/SRC/DEBUG_TOOLS/netlist_visualizer.c
9	9	ODIN_II/SRC/DEBUG_TOOLS/netlist_visualizer.cpp
1	1	ODIN_II/SRC/DEBUG_TOOLS/netlist_visualizer.h
31	31	ODIN_II/SRC/DEBUG_TOOLS/print_netlist.c
31	31	ODIN_II/SRC/DEBUG_TOOLS/print_netlist.cpp
6	6	ODIN_II/SRC/PARSE_TOOL/read_xml_config_file.cpp
1	1	ODIN_II/SRC/PARSE_TOOL/read_xml_config_file.h
80	80	ODIN_II/SRC/PARSE_TOOL/verilog_preprocessor.cpp
3	3	ODIN_II/SRC/PARSE_TOOL/verilog_preprocessor.h
20	20	ODIN_II/SRC/SIM_TOOLS/ace.cpp
16	16	ODIN_II/SRC/SIM_TOOLS/queue.cpp
1	1	ODIN_II/SRC/SIM_TOOLS/queue.h
2	2	ODIN_II/SRC/SIM_TOOLS/sim_block.h
16	16	ODIN_II/SRC/SIM_TOOLS/simulate_blif.cpp
43	43	ODIN_II/SRC/STRING_HASH_TOOL/hashtable.cpp
4	4	ODIN_II/SRC/STRING_HASH_TOOL/hashtable.h
1	1	ODIN_II/SRC/STRING_HASH_TOOL/string_cache.cpp
2	2	ODIN_II/SRC/STRING_HASH_TOOL/string_cache.h
2	2	ODIN_II/SRC/globals.h
52	52	ODIN_II/SRC/lib_ast/ast_elaborate.cpp
1	1	ODIN_II/SRC/lib_ast/ast_elaborate.h
100	100	ODIN_II/SRC/lib_ast/ast_util.cpp
1	1	ODIN_II/SRC/lib_ast/ast_util.h
64	64	ODIN_II/SRC/lib_ast/parse_making_ast.cpp
10	10	ODIN_II/SRC/lib_blocks/adder_def.cpp
27	27	ODIN_II/SRC/lib_blocks/adders.cpp
8	8	ODIN_II/SRC/lib_blocks/adders.h
5	5	ODIN_II/SRC/lib_blocks/hard_blocks.cpp
1	1	ODIN_II/SRC/lib_blocks/hard_blocks.h
15	15	ODIN_II/SRC/lib_blocks/memories.cpp
1	1	ODIN_II/SRC/lib_blocks/memories.h
32	32	ODIN_II/SRC/lib_blocks/multipliers.cpp
1	1	ODIN_II/SRC/lib_blocks/multipliers.h
32	32	ODIN_II/SRC/lib_netlist/netlist_check.cpp
15	15	ODIN_II/SRC/lib_netlist/netlist_cleanup.cpp
16	16	ODIN_II/SRC/lib_netlist/netlist_create_from_ast.cpp
1	1	ODIN_II/SRC/lib_netlist/netlist_utils.cpp
85	85	ODIN_II/SRC/lib_netlist/node_creation_library.cpp
30	30	ODIN_II/SRC/lib_netlist/partial_map.cpp
4	4	ODIN_II/SRC/odin_ii.cpp
21	21	ODIN_II/SRC/odin_util.cpp
3	3	ODIN_II/SRC/types.h

--cb168b9d1--2018-04-25--Joel Holdsworth
33	33	ODIN_II/SRC/PARSE_TOOL/read_xml_config_file.h
87	87	ODIN_II/SRC/PARSE_TOOL/verilog_preprocessor.h
31	31	ODIN_II/SRC/SIM_TOOLS/ace.h

--4c7f7645e--2018-04-15--jeanlego
54	22	ODIN_II/SRC/SIM_TOOLS/simulate_blif.cpp
3	0	ODIN_II/SRC/SIM_TOOLS/simulate_blif.h
197	0	ODIN_II/SRC/lib_blocks/adder_def.cpp
230	0	ODIN_II/SRC/lib_blocks/adders.cpp
23	0	ODIN_II/SRC/lib_blocks/adders.h
51	377	ODIN_II/SRC/lib_netlist/partial_map.cpp
32	7	ODIN_II/SRC/odin_ii.cpp
21	4	ODIN_II/SRC/types.h

--f86d16c28--2018-03-27--kmurray
13	9	ODIN_II/SRC/SIM_TOOLS/ace.cpp

--939f62345--2018-03-22--jeanlego
1	1	ODIN_II/SRC/lib_ast/ast_elaborate.cpp
3	2	ODIN_II/SRC/lib_ast/ast_util.cpp
8	8	ODIN_II/SRC/lib_blocks/adders.cpp
44	28	ODIN_II/SRC/lib_blocks/hard_blocks.cpp
4	4	ODIN_II/SRC/lib_blocks/subtractions.cpp
2	3	ODIN_II/SRC/lib_netlist/netlist_create_from_ast.cpp

--bd02e81d0--2018-03-05--kmurray
8	4	ODIN_II/SRC/DEBUG_TOOLS/netlist_visualizer.cpp

--e571a0d7a--2018-01-04--jeanlego
3	2	ODIN_II/SRC/lib_netlist/partial_map.cpp

--c7be73939--2018-01-04--jeanlego
0	1	ODIN_II/SRC/bigint
0	1	ODIN_II/SRC/globals.h
18	16	ODIN_II/SRC/lib_netlist/partial_map.cpp
8	0	ODIN_II/SRC/odin_ii.cpp
2	0	ODIN_II/SRC/types.h

--a69a20e83--2018-01-04--jeanlego
1	0	ODIN_II/SRC/PARSE_TOOL/verilog_bison.y
0	2	ODIN_II/SRC/PARSE_TOOL/verilog_flex.l

--6a8803686--2017-09-07--kmurray
5	0	ODIN_II/SRC/odin_ii.cpp

--0fc3353ca--2017-09-07--kmurray
4	0	ODIN_II/SRC/odin_ii.cpp

--3c622eeea--2017-09-05--ginginsha
6	0	ODIN_II/SRC/SIM_TOOLS/simulate_blif.cpp

--e00b395d1--2017-09-05--ginginsha
1	0	ODIN_II/SRC/PARSE_TOOL/verilog_flex.l
0	2	ODIN_II/SRC/PARSE_TOOL/verilog_preprocessor.cpp
0	1	ODIN_II/SRC/SIM_TOOLS/ace.cpp
11	3	ODIN_II/SRC/SIM_TOOLS/simulate_blif.cpp
0	3	ODIN_II/SRC/SIM_TOOLS/simulate_blif.h
0	2	ODIN_II/SRC/STRING_HASH_TOOL/string_cache.cpp

--966621ef6--2017-08-25--kmurray
1	0	ODIN_II/SRC/odin_ii.cpp

--44e466262--2017-08-31--ginginsha
--daa9c804b--2017-08-23--Aaron Graham
29	7	ODIN_II/SRC/lib_blif/output_blif.cpp

--2a3ebfa82--2017-08-21--ginginsha
--b8c92ecb3--2017-08-17--Aaron Graham
54	4	ODIN_II/SRC/lib_blif/output_blif.cpp

--d25e63ac4--2017-08-17--Aaron Graham
35	0	ODIN_II/SRC/lib_blif/output_blif.cpp

--27a705289--2017-08-17--Aaron Graham
30	25	ODIN_II/SRC/odin_ii.cpp
2	0	ODIN_II/SRC/types.h

--233745d88--2017-08-13--Eugene Sha
--dd8818ddd--2017-08-13--mozammalhossain
3	0	ODIN_II/SRC/PARSE_TOOL/verilog_bison.y
47	0	ODIN_II/SRC/lib_ast/ast_util.cpp
1	1	ODIN_II/SRC/lib_ast/ast_util.h
45	0	ODIN_II/SRC/lib_ast/parse_making_ast.cpp
3	0	ODIN_II/SRC/lib_ast/parse_making_ast.h
5	0	ODIN_II/SRC/lib_blocks/implicit_memory.cpp
164	3	ODIN_II/SRC/lib_netlist/netlist_create_from_ast.cpp

--c9944a21a--2017-08-11--Aaron Graham
3	1	ODIN_II/SRC/PARSE_TOOL/verilog_preprocessor.cpp

--f9a2e11ce--2017-08-10--ginginsha
2	2	ODIN_II/SRC/lib_ast/parse_making_ast.cpp

--b00a8e9c0--2017-08-10--ginginsha
2	2	ODIN_II/SRC/PARSE_TOOL/read_xml_config_file.cpp
1	1	ODIN_II/SRC/lib_blif/output_blif.cpp

--a41ecda53--2017-08-09--ginginsha
--de7e391a4--2017-08-04--Aaron Graham
6	6	ODIN_II/SRC/DEBUG_TOOLS/netlist_visualizer.cpp
2	2	ODIN_II/SRC/DEBUG_TOOLS/netlist_visualizer.h
6	6	ODIN_II/SRC/lib_ast/parse_making_ast.cpp
1	1	ODIN_II/SRC/lib_ast/parse_making_ast.h
1	1	ODIN_II/SRC/lib_blif/output_blif.cpp
1	1	ODIN_II/SRC/lib_netlist/partial_map.cpp
3	3	ODIN_II/SRC/odin_ii.cpp
2	2	ODIN_II/SRC/types.h

--c6cbc3ae0--2017-08-04--Aaron Graham
2	5	ODIN_II/SRC/odin_util.cpp

--15fa0c020--2017-08-03--jeanlego
1	0	ODIN_II/SRC/bigint

--18ff86bf6--2017-07-27--ginginsha
--ca705aa4b--2017-07-26--Aaron Graham
5	6	ODIN_II/SRC/odin_util.cpp

--0d32c7200--2017-07-26--Aaron Graham
1	1	ODIN_II/SRC/odin_util.cpp

--6e543f248--2017-07-24--kmurray
1	1	ODIN_II/SRC/PARSE_TOOL/verilog_preprocessor.cpp

--9d542a153--2017-07-22--Mozammal Hossain
--90a8d83e5--2017-07-22--Mozammal Hossain
0	1	ODIN_II/SRC/odin_util.cpp

--cab936527--2017-07-22--Mozammal Hossain
1	2	ODIN_II/SRC/PARSE_TOOL/verilog_preprocessor.cpp
7	6	ODIN_II/SRC/odin_util.cpp

--8c41c3271--2017-07-21--kmurray
1	1	ODIN_II/SRC/PARSE_TOOL/verilog_bison.y

--5ad46f140--2017-07-20--Mozammal Hossain
45	39	ODIN_II/SRC/lib_netlist/netlist_create_from_ast.cpp

--dc619f408--2017-07-19--Mozammal Hossain
3	3	ODIN_II/SRC/lib_ast/ast_elaborate.cpp
9	8	ODIN_II/SRC/lib_ast/ast_util.cpp
13	10	ODIN_II/SRC/lib_ast/parse_making_ast.cpp
1	1	ODIN_II/SRC/lib_blocks/adders.cpp

--b319fb867--2017-07-17--kmurray
38	73	ODIN_II/SRC/PARSE_TOOL/verilog_flex.l
0	1	ODIN_II/SRC/PARSE_TOOL/verilog_preprocessor.cpp
37	34	ODIN_II/SRC/SIM_TOOLS/simulate_blif.cpp
133	20	ODIN_II/SRC/lib_ast/ast_util.cpp
307	210	ODIN_II/SRC/odin_util.cpp
12	10	ODIN_II/SRC/odin_util.h
11	12	ODIN_II/SRC/types.h

--89b84f71f--2017-07-15--jeanlego
11	10	ODIN_II/SRC/PARSE_TOOL/verilog_flex.l
2	2	ODIN_II/SRC/SIM_TOOLS/simulate_blif.cpp
20	108	ODIN_II/SRC/lib_ast/ast_util.cpp
18	14	ODIN_II/SRC/odin_util.cpp
4	4	ODIN_II/SRC/odin_util.h
12	11	ODIN_II/SRC/types.h

--a27735f88--2017-07-15--jeanlego
2	165	ODIN_II/SRC/PARSE_TOOL/verilog_flex.l
32	35	ODIN_II/SRC/SIM_TOOLS/simulate_blif.cpp
12	33	ODIN_II/SRC/lib_ast/ast_util.cpp
202	293	ODIN_II/SRC/odin_util.cpp
9	11	ODIN_II/SRC/odin_util.h

--787a54109--2017-07-14--jeanlego
1	2	ODIN_II/SRC/PARSE_TOOL/verilog_flex.l

--43850c476--2017-07-14--jeanlego
--609076e86--2017-07-14--jeanlego
215	36	ODIN_II/SRC/PARSE_TOOL/verilog_flex.l
0	1	ODIN_II/SRC/PARSE_TOOL/verilog_preprocessor.cpp
4	8	ODIN_II/SRC/lib_ast/ast_util.cpp
49	66	ODIN_II/SRC/odin_util.cpp

--f2aab8196--2017-07-14--jeanlego
2	1	ODIN_II/SRC/PARSE_TOOL/verilog_flex.l

--8934eefec--2017-07-14--jeanlego
10	3	ODIN_II/SRC/PARSE_TOOL/verilog_bison.y
3	1	ODIN_II/SRC/PARSE_TOOL/verilog_preprocessor.cpp

--62f872287--2017-07-13--jeanlego
1	1	ODIN_II/SRC/PARSE_TOOL/verilog_preprocessor.cpp
9	16	ODIN_II/SRC/odin_util.cpp

--96ec88bfc--2017-07-13--jeanlego
236	193	ODIN_II/SRC/PARSE_TOOL/verilog_bison.y
188	77	ODIN_II/SRC/PARSE_TOOL/verilog_flex.l
1	1	ODIN_II/SRC/lib_netlist/netlist_create_from_ast.cpp

--e7801d3e9--2017-07-10--Mozammal Hossain
131	2	ODIN_II/SRC/PARSE_TOOL/verilog_preprocessor.cpp
71	0	ODIN_II/SRC/odin_util.cpp
3	1	ODIN_II/SRC/odin_util.h

--b9fcf829a--2017-06-28--kmurray
4	4	ODIN_II/SRC/lib_ast/ast_elaborate.c
4	1	ODIN_II/SRC/lib_ast/ast_util.c

--f2321ed53--2017-06-28--kmurray
2	2	ODIN_II/SRC/PARSE_TOOL/read_xml_config_file.c
11	11	ODIN_II/SRC/PARSE_TOOL/verilog_preprocessor.c
14	14	ODIN_II/SRC/SIM_TOOLS/simulate_blif.c
1	1	ODIN_II/SRC/STRING_HASH_TOOL/string_cache.c
11	14	ODIN_II/SRC/lib_ast/ast_elaborate.c
23	32	ODIN_II/SRC/lib_ast/ast_util.c
1	1	ODIN_II/SRC/lib_ast/ast_util.h
6	6	ODIN_II/SRC/lib_ast/parse_making_ast.c
3	3	ODIN_II/SRC/lib_blif/output_blif.c
93	93	ODIN_II/SRC/lib_blif/read_blif.c
121	60	ODIN_II/SRC/lib_blocks/adders.c
3	3	ODIN_II/SRC/lib_blocks/adders.h
10	11	ODIN_II/SRC/lib_blocks/hard_blocks.c
11	11	ODIN_II/SRC/lib_blocks/implicit_memory.c
22	22	ODIN_II/SRC/lib_blocks/memories.c
1	2	ODIN_II/SRC/lib_blocks/multipliers.c
27	7	ODIN_II/SRC/lib_blocks/subtractions.c
33	33	ODIN_II/SRC/lib_netlist/netlist_create_from_ast.c
5	5	ODIN_II/SRC/lib_netlist/netlist_utils.c
1	2	ODIN_II/SRC/lib_netlist/partial_map.c

--a2365b228--2017-06-28--jeanlego
13	30	ODIN_II/SRC/lib_netlist/netlist_create_from_ast.c
19	74	ODIN_II/SRC/lib_netlist/netlist_utils.c
3	3	ODIN_II/SRC/lib_netlist/netlist_utils.h
2	6	ODIN_II/SRC/lib_netlist/partial_map.c

--648206e15--2017-06-24--jeanlego
1	1	ODIN_II/SRC/lib_ast/ast_util.c
3	4	ODIN_II/SRC/odin_util.c

--bd4dd3a5d--2017-06-23--jeanlego
174	148	ODIN_II/SRC/odin_ii.c

--194116422--2017-06-23--jeanlego
392	0	ODIN_II/SRC/DEBUG_TOOLS/netlist_visualizer.c
4	0	ODIN_II/SRC/DEBUG_TOOLS/netlist_visualizer.h
335	0	ODIN_II/SRC/DEBUG_TOOLS/print_netlist.c
2	0	ODIN_II/SRC/DEBUG_TOOLS/print_netlist.h
330	0	ODIN_II/SRC/PARSE_TOOL/read_xml_config_file.c
33	0	ODIN_II/SRC/PARSE_TOOL/read_xml_config_file.h
449	0	ODIN_II/SRC/PARSE_TOOL/verilog_bison.y
4	0	ODIN_II/SRC/PARSE_TOOL/verilog_bison_user_defined.h
139	0	ODIN_II/SRC/PARSE_TOOL/verilog_flex.l
698	0	ODIN_II/SRC/PARSE_TOOL/verilog_preprocessor.c
88	0	ODIN_II/SRC/PARSE_TOOL/verilog_preprocessor.h
727	0	ODIN_II/SRC/SIM_TOOLS/ace.c
31	0	ODIN_II/SRC/SIM_TOOLS/ace.h
114	0	ODIN_II/SRC/SIM_TOOLS/queue.c
55	0	ODIN_II/SRC/SIM_TOOLS/queue.h
11	0	ODIN_II/SRC/SIM_TOOLS/sim_block.h
3704	0	ODIN_II/SRC/SIM_TOOLS/simulate_blif.c
222	0	ODIN_II/SRC/SIM_TOOLS/simulate_blif.h
200	0	ODIN_II/SRC/STRING_HASH_TOOL/hashtable.c
63	0	ODIN_II/SRC/STRING_HASH_TOOL/hashtable.h
195	0	ODIN_II/SRC/STRING_HASH_TOOL/string_cache.c
47	0	ODIN_II/SRC/STRING_HASH_TOOL/string_cache.h
1815	0	ODIN_II/SRC/lib_ast/ast_elaborate.c
97	0	ODIN_II/SRC/lib_ast/ast_elaborate.h
1383	0	ODIN_II/SRC/lib_ast/ast_util.c
37	0	ODIN_II/SRC/lib_ast/ast_util.h
2162	0	ODIN_II/SRC/lib_ast/parse_making_ast.c
79	0	ODIN_II/SRC/lib_ast/parse_making_ast.h
816	0	ODIN_II/SRC/lib_blif/output_blif.c
7	0	ODIN_II/SRC/lib_blif/output_blif.h
1685	0	ODIN_II/SRC/lib_blif/read_blif.c
8	0	ODIN_II/SRC/lib_blif/read_blif.h
1234	0	ODIN_II/SRC/lib_blocks/adders.c
79	0	ODIN_II/SRC/lib_blocks/adders.h
366	0	ODIN_II/SRC/lib_blocks/hard_blocks.c
43	0	ODIN_II/SRC/lib_blocks/hard_blocks.h
354	0	ODIN_II/SRC/lib_blocks/implicit_memory.c
58	0	ODIN_II/SRC/lib_blocks/implicit_memory.h
1741	0	ODIN_II/SRC/lib_blocks/memories.c
114	0	ODIN_II/SRC/lib_blocks/memories.h
1173	0	ODIN_II/SRC/lib_blocks/multipliers.c
53	0	ODIN_II/SRC/lib_blocks/multipliers.h
720	0	ODIN_II/SRC/lib_blocks/subtractions.c
41	0	ODIN_II/SRC/lib_blocks/subtractions.h
833	0	ODIN_II/SRC/lib_netlist/netlist_check.c
3	0	ODIN_II/SRC/lib_netlist/netlist_check.h
237	0	ODIN_II/SRC/lib_netlist/netlist_cleanup.c
6	0	ODIN_II/SRC/lib_netlist/netlist_cleanup.h
5522	0	ODIN_II/SRC/lib_netlist/netlist_create_from_ast.c
7	0	ODIN_II/SRC/lib_netlist/netlist_create_from_ast.h
1128	0	ODIN_II/SRC/lib_netlist/netlist_utils.c
71	0	ODIN_II/SRC/lib_netlist/netlist_utils.h
487	0	ODIN_II/SRC/lib_netlist/node_creation_library.c
22	0	ODIN_II/SRC/lib_netlist/node_creation_library.h
1408	0	ODIN_II/SRC/lib_netlist/partial_map.c
35	0	ODIN_II/SRC/lib_netlist/partial_map.h
26	3	ODIN_II/SRC/odin_ii.c

--09e7a1448--2017-06-23--jeanlego
0	726	ODIN_II/SRC/ace.c
0	31	ODIN_II/SRC/ace.h
0	878	ODIN_II/SRC/activity_estimation.c
0	2	ODIN_II/SRC/activity_estimation.h
0	1237	ODIN_II/SRC/adders.c
0	79	ODIN_II/SRC/adders.h
0	1815	ODIN_II/SRC/ast_elaborate.c
0	97	ODIN_II/SRC/ast_elaborate.h
0	1332	ODIN_II/SRC/ast_util.c
0	35	ODIN_II/SRC/ast_util.h
0	1	ODIN_II/SRC/bm_expr_all_mod.log
0	88	ODIN_II/SRC/errors.c
0	7	ODIN_II/SRC/errors.h
0	368	ODIN_II/SRC/hard_blocks.c
0	43	ODIN_II/SRC/hard_blocks.h
0	200	ODIN_II/SRC/hashtable.c
0	63	ODIN_II/SRC/hashtable.h
0	137	ODIN_II/SRC/high_level_data.c
0	2	ODIN_II/SRC/high_level_data.h
0	354	ODIN_II/SRC/implicit_memory.c
0	58	ODIN_II/SRC/implicit_memory.h
0	1744	ODIN_II/SRC/memories.c
0	114	ODIN_II/SRC/memories.h
0	1173	ODIN_II/SRC/multipliers.c
0	53	ODIN_II/SRC/multipliers.h
0	833	ODIN_II/SRC/netlist_check.c
0	3	ODIN_II/SRC/netlist_check.h
0	237	ODIN_II/SRC/netlist_cleanup.c
0	6	ODIN_II/SRC/netlist_cleanup.h
0	5531	ODIN_II/SRC/netlist_create_from_ast.c
0	7	ODIN_II/SRC/netlist_create_from_ast.h
0	64	ODIN_II/SRC/netlist_optimizations.c
0	2	ODIN_II/SRC/netlist_optimizations.h
0	439	ODIN_II/SRC/netlist_stats.c
0	41	ODIN_II/SRC/netlist_stats.h
0	1128	ODIN_II/SRC/netlist_utils.c
0	71	ODIN_II/SRC/netlist_utils.h
0	392	ODIN_II/SRC/netlist_visualizer.c
0	4	ODIN_II/SRC/netlist_visualizer.h
0	487	ODIN_II/SRC/node_creation_library.c
0	22	ODIN_II/SRC/node_creation_library.h
249	206	ODIN_II/SRC/odin_ii.c
0	218	ODIN_II/SRC/odin_ii_func.c
0	31	ODIN_II/SRC/odin_ii_func.h
62	2	ODIN_II/SRC/odin_util.c
8	0	ODIN_II/SRC/odin_util.h
0	829	ODIN_II/SRC/output_blif.c
0	7	ODIN_II/SRC/output_blif.h
0	143	ODIN_II/SRC/output_graphcrunch_format.c
0	3	ODIN_II/SRC/output_graphcrunch_format.h
0	49	ODIN_II/SRC/outputs.c
0	7	ODIN_II/SRC/outputs.h
0	2166	ODIN_II/SRC/parse_making_ast.c
0	79	ODIN_II/SRC/parse_making_ast.h
0	1424	ODIN_II/SRC/partial_map.c
0	35	ODIN_II/SRC/partial_map.h
0	335	ODIN_II/SRC/print_netlist.c
0	2	ODIN_II/SRC/print_netlist.h
0	7	ODIN_II/SRC/print_tags.h
0	114	ODIN_II/SRC/queue.c
0	55	ODIN_II/SRC/queue.h
0	1685	ODIN_II/SRC/read_blif.c
0	8	ODIN_II/SRC/read_blif.h
0	682	ODIN_II/SRC/read_netlist.c
0	7	ODIN_II/SRC/read_netlist.h
0	330	ODIN_II/SRC/read_xml_config_file.c
0	33	ODIN_II/SRC/read_xml_config_file.h
0	11	ODIN_II/SRC/sim_block.h
0	3717	ODIN_II/SRC/simulate_blif.c
0	219	ODIN_II/SRC/simulate_blif.h
0	193	ODIN_II/SRC/string_cache.c
0	47	ODIN_II/SRC/string_cache.h
0	722	ODIN_II/SRC/subtractions.c
0	41	ODIN_II/SRC/subtractions.h
0	449	ODIN_II/SRC/verilog_bison.y
0	4	ODIN_II/SRC/verilog_bison_user_defined.h
0	140	ODIN_II/SRC/verilog_flex.l
0	696	ODIN_II/SRC/verilog_preprocessor.c
0	88	ODIN_II/SRC/verilog_preprocessor.h

--de96bec82--2017-06-07--jeanlego
1	0	ODIN_II/SRC/adders.c
70	146	ODIN_II/SRC/ast_elaborate.c
4	5	ODIN_II/SRC/ast_elaborate.h
18	42	ODIN_II/SRC/ast_util.c

--6bc849b6d--2017-06-05--jeanlego
59	121	ODIN_II/SRC/adders.c
3	3	ODIN_II/SRC/adders.h
11	11	ODIN_II/SRC/ast_elaborate.c
28	19	ODIN_II/SRC/ast_util.c
1	1	ODIN_II/SRC/ast_util.h
11	10	ODIN_II/SRC/hard_blocks.c
4	3	ODIN_II/SRC/high_level_data.c
11	11	ODIN_II/SRC/implicit_memory.c
21	21	ODIN_II/SRC/memories.c
2	1	ODIN_II/SRC/multipliers.c
33	33	ODIN_II/SRC/netlist_create_from_ast.c
5	5	ODIN_II/SRC/netlist_utils.c
3	3	ODIN_II/SRC/output_blif.c
6	6	ODIN_II/SRC/parse_making_ast.c
2	1	ODIN_II/SRC/partial_map.c
93	93	ODIN_II/SRC/read_blif.c
6	6	ODIN_II/SRC/read_netlist.c
2	2	ODIN_II/SRC/read_xml_config_file.c
14	14	ODIN_II/SRC/simulate_blif.c
1	1	ODIN_II/SRC/string_cache.c
7	27	ODIN_II/SRC/subtractions.c
11	11	ODIN_II/SRC/verilog_preprocessor.c

--f9d9d821b--2017-06-04--jeanlego
12	10	ODIN_II/SRC/activity_estimation.c
2	8	ODIN_II/SRC/adders.c
66	214	ODIN_II/SRC/ast_elaborate.c
1	5	ODIN_II/SRC/ast_elaborate.h
116	35	ODIN_II/SRC/ast_util.c
10	5	ODIN_II/SRC/ast_util.h
2	0	ODIN_II/SRC/netlist_visualizer.c
11	0	ODIN_II/SRC/odin_util.c
1	0	ODIN_II/SRC/odin_util.h
3	3	ODIN_II/SRC/parse_making_ast.c

--050a180e9--2017-07-06--jeanlego
392	0	ODIN_II/SRC/DEBUG_TOOLS/netlist_visualizer.cpp
335	0	ODIN_II/SRC/DEBUG_TOOLS/print_netlist.cpp
330	0	ODIN_II/SRC/PARSE_TOOL/read_xml_config_file.cpp
696	0	ODIN_II/SRC/PARSE_TOOL/verilog_preprocessor.cpp
726	0	ODIN_II/SRC/SIM_TOOLS/ace.cpp
114	0	ODIN_II/SRC/SIM_TOOLS/queue.cpp
3717	0	ODIN_II/SRC/SIM_TOOLS/simulate_blif.cpp
200	0	ODIN_II/SRC/STRING_HASH_TOOL/hashtable.cpp
193	0	ODIN_II/SRC/STRING_HASH_TOOL/string_cache.cpp
1613	0	ODIN_II/SRC/lib_ast/ast_elaborate.cpp
1372	0	ODIN_II/SRC/lib_ast/ast_util.cpp
2162	0	ODIN_II/SRC/lib_ast/parse_making_ast.cpp
816	0	ODIN_II/SRC/lib_blif/output_blif.cpp
1685	0	ODIN_II/SRC/lib_blif/read_blif.cpp
1295	0	ODIN_II/SRC/lib_blocks/adders.cpp
365	0	ODIN_II/SRC/lib_blocks/hard_blocks.cpp
354	0	ODIN_II/SRC/lib_blocks/implicit_memory.cpp
1741	0	ODIN_II/SRC/lib_blocks/memories.cpp
1172	0	ODIN_II/SRC/lib_blocks/multipliers.cpp
740	0	ODIN_II/SRC/lib_blocks/subtractions.cpp
833	0	ODIN_II/SRC/lib_netlist/netlist_check.cpp
237	0	ODIN_II/SRC/lib_netlist/netlist_cleanup.cpp
5505	0	ODIN_II/SRC/lib_netlist/netlist_create_from_ast.cpp
1073	0	ODIN_II/SRC/lib_netlist/netlist_utils.cpp
487	0	ODIN_II/SRC/lib_netlist/node_creation_library.cpp
1403	0	ODIN_II/SRC/lib_netlist/partial_map.cpp
464	0	ODIN_II/SRC/odin_ii.cpp
747	0	ODIN_II/SRC/odin_util.cpp

--3d8a6ea5d--2017-07-06--jeanlego
0	330	ODIN_II/SRC/PARSE_TOOL/read_xml_config_file.c
1	1	ODIN_II/SRC/PARSE_TOOL/verilog_bison.y
0	696	ODIN_II/SRC/PARSE_TOOL/verilog_preprocessor.c
0	726	ODIN_II/SRC/SIM_TOOLS/ace.c
0	114	ODIN_II/SRC/SIM_TOOLS/queue.c
0	3717	ODIN_II/SRC/SIM_TOOLS/simulate_blif.c
0	200	ODIN_II/SRC/STRING_HASH_TOOL/hashtable.c
0	193	ODIN_II/SRC/STRING_HASH_TOOL/string_cache.c
1	1	ODIN_II/SRC/globals.h
0	1613	ODIN_II/SRC/lib_ast/ast_elaborate.c
0	1372	ODIN_II/SRC/lib_ast/ast_util.c
0	2162	ODIN_II/SRC/lib_ast/parse_making_ast.c
0	816	ODIN_II/SRC/lib_blif/output_blif.c
0	1685	ODIN_II/SRC/lib_blif/read_blif.c
0	1295	ODIN_II/SRC/lib_blocks/adders.c
0	365	ODIN_II/SRC/lib_blocks/hard_blocks.c
0	354	ODIN_II/SRC/lib_blocks/implicit_memory.c
0	1741	ODIN_II/SRC/lib_blocks/memories.c
0	1172	ODIN_II/SRC/lib_blocks/multipliers.c
0	740	ODIN_II/SRC/lib_blocks/subtractions.c
0	833	ODIN_II/SRC/lib_netlist/netlist_check.c
0	237	ODIN_II/SRC/lib_netlist/netlist_cleanup.c
0	5505	ODIN_II/SRC/lib_netlist/netlist_create_from_ast.c
0	1073	ODIN_II/SRC/lib_netlist/netlist_utils.c
0	487	ODIN_II/SRC/lib_netlist/node_creation_library.c
0	1403	ODIN_II/SRC/lib_netlist/partial_map.c
0	464	ODIN_II/SRC/odin_ii.c
0	747	ODIN_II/SRC/odin_util.c

--cd6fbd508--2017-07-05--jeanlego
2	2	ODIN_II/SRC/PARSE_TOOL/verilog_bison.y
2	2	ODIN_II/SRC/PARSE_TOOL/verilog_preprocessor.c
6	6	ODIN_II/SRC/globals.h
216	347	ODIN_II/SRC/lib_ast/ast_elaborate.c
24	23	ODIN_II/SRC/lib_ast/ast_elaborate.h
2	7	ODIN_II/SRC/lib_ast/ast_util.c
3	3	ODIN_II/SRC/lib_ast/parse_making_ast.c
1	1	ODIN_II/SRC/lib_blif/read_blif.c
1	1	ODIN_II/SRC/odin_ii.c
2	3	ODIN_II/SRC/types.h

--ce83c557f--2017-06-29--jeanlego
120	188	ODIN_II/SRC/lib_ast/ast_elaborate.c
3	5	ODIN_II/SRC/lib_ast/ast_elaborate.h

--fc44182de--2017-06-28--kmurray
4	4	ODIN_II/SRC/lib_ast/ast_elaborate.c
4	1	ODIN_II/SRC/lib_ast/ast_util.c

--6aff65ef4--2017-06-28--kmurray
2	2	ODIN_II/SRC/PARSE_TOOL/read_xml_config_file.c
11	11	ODIN_II/SRC/PARSE_TOOL/verilog_preprocessor.c
14	14	ODIN_II/SRC/SIM_TOOLS/simulate_blif.c
1	1	ODIN_II/SRC/STRING_HASH_TOOL/string_cache.c
11	14	ODIN_II/SRC/lib_ast/ast_elaborate.c
23	32	ODIN_II/SRC/lib_ast/ast_util.c
1	1	ODIN_II/SRC/lib_ast/ast_util.h
6	6	ODIN_II/SRC/lib_ast/parse_making_ast.c
3	3	ODIN_II/SRC/lib_blif/output_blif.c
93	93	ODIN_II/SRC/lib_blif/read_blif.c
121	60	ODIN_II/SRC/lib_blocks/adders.c
3	3	ODIN_II/SRC/lib_blocks/adders.h
10	11	ODIN_II/SRC/lib_blocks/hard_blocks.c
11	11	ODIN_II/SRC/lib_blocks/implicit_memory.c
22	22	ODIN_II/SRC/lib_blocks/memories.c
1	2	ODIN_II/SRC/lib_blocks/multipliers.c
27	7	ODIN_II/SRC/lib_blocks/subtractions.c
33	33	ODIN_II/SRC/lib_netlist/netlist_create_from_ast.c
5	5	ODIN_II/SRC/lib_netlist/netlist_utils.c
1	2	ODIN_II/SRC/lib_netlist/partial_map.c

--44dec5479--2017-06-28--jeanlego
13	30	ODIN_II/SRC/lib_netlist/netlist_create_from_ast.c
19	74	ODIN_II/SRC/lib_netlist/netlist_utils.c
3	3	ODIN_II/SRC/lib_netlist/netlist_utils.h
2	6	ODIN_II/SRC/lib_netlist/partial_map.c

--2c048b8e8--2017-06-24--jeanlego
1	1	ODIN_II/SRC/lib_ast/ast_util.c
3	4	ODIN_II/SRC/odin_util.c

--96666d181--2017-06-23--jeanlego
3	5	ODIN_II/SRC/odin_ii.c

--40f2bf2ec--2017-06-23--jeanlego
--2c77a09aa--2017-06-23--jeanlego
392	0	ODIN_II/SRC/DEBUG_TOOLS/netlist_visualizer.c
4	0	ODIN_II/SRC/DEBUG_TOOLS/netlist_visualizer.h
335	0	ODIN_II/SRC/DEBUG_TOOLS/print_netlist.c
2	0	ODIN_II/SRC/DEBUG_TOOLS/print_netlist.h
330	0	ODIN_II/SRC/PARSE_TOOL/read_xml_config_file.c
33	0	ODIN_II/SRC/PARSE_TOOL/read_xml_config_file.h
449	0	ODIN_II/SRC/PARSE_TOOL/verilog_bison.y
4	0	ODIN_II/SRC/PARSE_TOOL/verilog_bison_user_defined.h
139	0	ODIN_II/SRC/PARSE_TOOL/verilog_flex.l
698	0	ODIN_II/SRC/PARSE_TOOL/verilog_preprocessor.c
88	0	ODIN_II/SRC/PARSE_TOOL/verilog_preprocessor.h
727	0	ODIN_II/SRC/SIM_TOOLS/ace.c
31	0	ODIN_II/SRC/SIM_TOOLS/ace.h
114	0	ODIN_II/SRC/SIM_TOOLS/queue.c
55	0	ODIN_II/SRC/SIM_TOOLS/queue.h
11	0	ODIN_II/SRC/SIM_TOOLS/sim_block.h
3704	0	ODIN_II/SRC/SIM_TOOLS/simulate_blif.c
222	0	ODIN_II/SRC/SIM_TOOLS/simulate_blif.h
200	0	ODIN_II/SRC/STRING_HASH_TOOL/hashtable.c
63	0	ODIN_II/SRC/STRING_HASH_TOOL/hashtable.h
195	0	ODIN_II/SRC/STRING_HASH_TOOL/string_cache.c
47	0	ODIN_II/SRC/STRING_HASH_TOOL/string_cache.h
1815	0	ODIN_II/SRC/lib_ast/ast_elaborate.c
97	0	ODIN_II/SRC/lib_ast/ast_elaborate.h
1383	0	ODIN_II/SRC/lib_ast/ast_util.c
37	0	ODIN_II/SRC/lib_ast/ast_util.h
2162	0	ODIN_II/SRC/lib_ast/parse_making_ast.c
79	0	ODIN_II/SRC/lib_ast/parse_making_ast.h
816	0	ODIN_II/SRC/lib_blif/output_blif.c
7	0	ODIN_II/SRC/lib_blif/output_blif.h
1685	0	ODIN_II/SRC/lib_blif/read_blif.c
8	0	ODIN_II/SRC/lib_blif/read_blif.h
1234	0	ODIN_II/SRC/lib_blocks/adders.c
79	0	ODIN_II/SRC/lib_blocks/adders.h
366	0	ODIN_II/SRC/lib_blocks/hard_blocks.c
43	0	ODIN_II/SRC/lib_blocks/hard_blocks.h
354	0	ODIN_II/SRC/lib_blocks/implicit_memory.c
58	0	ODIN_II/SRC/lib_blocks/implicit_memory.h
1741	0	ODIN_II/SRC/lib_blocks/memories.c
114	0	ODIN_II/SRC/lib_blocks/memories.h
1173	0	ODIN_II/SRC/lib_blocks/multipliers.c
53	0	ODIN_II/SRC/lib_blocks/multipliers.h
720	0	ODIN_II/SRC/lib_blocks/subtractions.c
41	0	ODIN_II/SRC/lib_blocks/subtractions.h
833	0	ODIN_II/SRC/lib_netlist/netlist_check.c
3	0	ODIN_II/SRC/lib_netlist/netlist_check.h
237	0	ODIN_II/SRC/lib_netlist/netlist_cleanup.c
6	0	ODIN_II/SRC/lib_netlist/netlist_cleanup.h
5522	0	ODIN_II/SRC/lib_netlist/netlist_create_from_ast.c
7	0	ODIN_II/SRC/lib_netlist/netlist_create_from_ast.h
1128	0	ODIN_II/SRC/lib_netlist/netlist_utils.c
71	0	ODIN_II/SRC/lib_netlist/netlist_utils.h
487	0	ODIN_II/SRC/lib_netlist/node_creation_library.c
22	0	ODIN_II/SRC/lib_netlist/node_creation_library.h
1408	0	ODIN_II/SRC/lib_netlist/partial_map.c
35	0	ODIN_II/SRC/lib_netlist/partial_map.h
26	3	ODIN_II/SRC/odin_ii.c

--8f5cfb78a--2017-06-23--jeanlego
0	727	ODIN_II/SRC/ace.c
0	31	ODIN_II/SRC/ace.h
0	878	ODIN_II/SRC/activity_estimation.c
0	2	ODIN_II/SRC/activity_estimation.h
0	1237	ODIN_II/SRC/adders.c
0	79	ODIN_II/SRC/adders.h
0	1815	ODIN_II/SRC/ast_elaborate.c
0	97	ODIN_II/SRC/ast_elaborate.h
0	1332	ODIN_II/SRC/ast_util.c
0	35	ODIN_II/SRC/ast_util.h
0	1	ODIN_II/SRC/bm_expr_all_mod.log
0	88	ODIN_II/SRC/errors.c
0	7	ODIN_II/SRC/errors.h
0	368	ODIN_II/SRC/hard_blocks.c
0	43	ODIN_II/SRC/hard_blocks.h
0	200	ODIN_II/SRC/hashtable.c
0	63	ODIN_II/SRC/hashtable.h
0	137	ODIN_II/SRC/high_level_data.c
0	2	ODIN_II/SRC/high_level_data.h
0	354	ODIN_II/SRC/implicit_memory.c
0	58	ODIN_II/SRC/implicit_memory.h
0	1744	ODIN_II/SRC/memories.c
0	114	ODIN_II/SRC/memories.h
0	1173	ODIN_II/SRC/multipliers.c
0	53	ODIN_II/SRC/multipliers.h
0	833	ODIN_II/SRC/netlist_check.c
0	3	ODIN_II/SRC/netlist_check.h
0	237	ODIN_II/SRC/netlist_cleanup.c
0	6	ODIN_II/SRC/netlist_cleanup.h
0	5531	ODIN_II/SRC/netlist_create_from_ast.c
0	7	ODIN_II/SRC/netlist_create_from_ast.h
0	64	ODIN_II/SRC/netlist_optimizations.c
0	2	ODIN_II/SRC/netlist_optimizations.h
0	439	ODIN_II/SRC/netlist_stats.c
0	41	ODIN_II/SRC/netlist_stats.h
0	1128	ODIN_II/SRC/netlist_utils.c
0	71	ODIN_II/SRC/netlist_utils.h
0	392	ODIN_II/SRC/netlist_visualizer.c
0	4	ODIN_II/SRC/netlist_visualizer.h
0	487	ODIN_II/SRC/node_creation_library.c
0	22	ODIN_II/SRC/node_creation_library.h
152	68	ODIN_II/SRC/odin_ii.c
0	241	ODIN_II/SRC/odin_ii_func.c
0	31	ODIN_II/SRC/odin_ii_func.h
62	2	ODIN_II/SRC/odin_util.c
8	0	ODIN_II/SRC/odin_util.h
0	829	ODIN_II/SRC/output_blif.c
0	7	ODIN_II/SRC/output_blif.h
0	143	ODIN_II/SRC/output_graphcrunch_format.c
0	3	ODIN_II/SRC/output_graphcrunch_format.h
0	49	ODIN_II/SRC/outputs.c
0	7	ODIN_II/SRC/outputs.h
0	2166	ODIN_II/SRC/parse_making_ast.c
0	79	ODIN_II/SRC/parse_making_ast.h
0	1424	ODIN_II/SRC/partial_map.c
0	35	ODIN_II/SRC/partial_map.h
0	335	ODIN_II/SRC/print_netlist.c
0	2	ODIN_II/SRC/print_netlist.h
0	7	ODIN_II/SRC/print_tags.h
0	114	ODIN_II/SRC/queue.c
0	55	ODIN_II/SRC/queue.h
0	1685	ODIN_II/SRC/read_blif.c
0	8	ODIN_II/SRC/read_blif.h
0	682	ODIN_II/SRC/read_netlist.c
0	7	ODIN_II/SRC/read_netlist.h
0	330	ODIN_II/SRC/read_xml_config_file.c
0	33	ODIN_II/SRC/read_xml_config_file.h
0	11	ODIN_II/SRC/sim_block.h
0	3704	ODIN_II/SRC/simulate_blif.c
0	222	ODIN_II/SRC/simulate_blif.h
0	195	ODIN_II/SRC/string_cache.c
0	47	ODIN_II/SRC/string_cache.h
0	722	ODIN_II/SRC/subtractions.c
0	41	ODIN_II/SRC/subtractions.h
0	449	ODIN_II/SRC/verilog_bison.y
0	4	ODIN_II/SRC/verilog_bison_user_defined.h
0	139	ODIN_II/SRC/verilog_flex.l
0	698	ODIN_II/SRC/verilog_preprocessor.c
0	88	ODIN_II/SRC/verilog_preprocessor.h

--fa1c1f980--2017-06-22--kmurray
0	1	ODIN_II/SRC/odin_ii.c

--8279b43b1--2017-06-22--kmurray
5	2	ODIN_II/SRC/types.h

--bf552d0e7--2017-06-22--kmurray
164	122	ODIN_II/SRC/odin_ii.c
1	23	ODIN_II/SRC/odin_ii_func.c
1	1	ODIN_II/SRC/odin_ii_func.h
1	1	ODIN_II/SRC/output_blif.c
2	2	ODIN_II/SRC/parse_making_ast.c
2	2	ODIN_II/SRC/read_xml_config_file.c
24	20	ODIN_II/SRC/types.h

--3798f3b19--2017-06-22--kmurray
7	3	ODIN_II/SRC/simulate_blif.c
0	2	ODIN_II/SRC/simulate_blif.h

--6969f5bcc--2017-06-21--kmurray
0	1	ODIN_II/SRC/ace.c
1	1	ODIN_II/SRC/odin_ii.c
0	1	ODIN_II/SRC/odin_ii_func.c
9	0	ODIN_II/SRC/simulate_blif.c
0	1	ODIN_II/SRC/simulate_blif.h
0	2	ODIN_II/SRC/string_cache.c
1	0	ODIN_II/SRC/verilog_flex.l
0	2	ODIN_II/SRC/verilog_preprocessor.c

--b1bdab302--2017-06-08--jeanlego
--4039de6c9--2017-06-07--ginginsha
2	2	ODIN_II/SRC/simulate_blif.c
1	0	ODIN_II/SRC/verilog_flex.l

--7f3142a55--2017-06-07--jeanlego
--0bc8d3285--2017-06-07--jeanlego
1	0	ODIN_II/SRC/adders.c
70	146	ODIN_II/SRC/ast_elaborate.c
4	5	ODIN_II/SRC/ast_elaborate.h
18	42	ODIN_II/SRC/ast_util.c

--7ab96cce1--2017-06-06--ginginsha
--f962f7dba--2017-06-06--ginginsha
2	2	ODIN_II/SRC/odin_util.c

--d1e785311--2017-06-05--Panos Patros
5	1	ODIN_II/SRC/odin_ii.c
1	0	ODIN_II/SRC/odin_ii_func.c
2	0	ODIN_II/SRC/simulate_blif.c
2	0	ODIN_II/SRC/types.h

--b09fd0d90--2017-06-05--jeanlego
59	121	ODIN_II/SRC/adders.c
3	3	ODIN_II/SRC/adders.h
11	11	ODIN_II/SRC/ast_elaborate.c
28	19	ODIN_II/SRC/ast_util.c
1	1	ODIN_II/SRC/ast_util.h
11	10	ODIN_II/SRC/hard_blocks.c
4	3	ODIN_II/SRC/high_level_data.c
11	11	ODIN_II/SRC/implicit_memory.c
21	21	ODIN_II/SRC/memories.c
2	1	ODIN_II/SRC/multipliers.c
33	33	ODIN_II/SRC/netlist_create_from_ast.c
5	5	ODIN_II/SRC/netlist_utils.c
3	3	ODIN_II/SRC/output_blif.c
6	6	ODIN_II/SRC/parse_making_ast.c
2	1	ODIN_II/SRC/partial_map.c
93	93	ODIN_II/SRC/read_blif.c
6	6	ODIN_II/SRC/read_netlist.c
2	2	ODIN_II/SRC/read_xml_config_file.c
14	14	ODIN_II/SRC/simulate_blif.c
1	1	ODIN_II/SRC/string_cache.c
7	27	ODIN_II/SRC/subtractions.c
11	11	ODIN_II/SRC/verilog_preprocessor.c

--92ae350b2--2017-06-04--jeanlego
12	10	ODIN_II/SRC/activity_estimation.c
2	8	ODIN_II/SRC/adders.c
66	214	ODIN_II/SRC/ast_elaborate.c
1	5	ODIN_II/SRC/ast_elaborate.h
116	35	ODIN_II/SRC/ast_util.c
10	5	ODIN_II/SRC/ast_util.h
2	0	ODIN_II/SRC/netlist_visualizer.c
11	0	ODIN_II/SRC/odin_util.c
1	0	ODIN_II/SRC/odin_util.h
3	3	ODIN_II/SRC/parse_making_ast.c

--611999f54--2017-06-01--jeanlego
6	14	ODIN_II/SRC/ace.c
31	30	ODIN_II/SRC/activity_estimation.c
21	20	ODIN_II/SRC/adders.c
46	45	ODIN_II/SRC/ast_elaborate.c
38	37	ODIN_II/SRC/ast_util.c
13	12	ODIN_II/SRC/hashtable.c
6	5	ODIN_II/SRC/implicit_memory.c
13	12	ODIN_II/SRC/memories.c
51	51	ODIN_II/SRC/multipliers.c
31	30	ODIN_II/SRC/netlist_check.c
2	1	ODIN_II/SRC/netlist_cleanup.c
100	99	ODIN_II/SRC/netlist_create_from_ast.c
9	8	ODIN_II/SRC/netlist_stats.c
24	23	ODIN_II/SRC/netlist_utils.c
18	17	ODIN_II/SRC/netlist_visualizer.c
22	24	ODIN_II/SRC/odin_util.c
4	3	ODIN_II/SRC/output_blif.c
5	4	ODIN_II/SRC/output_graphcrunch_format.c
31	30	ODIN_II/SRC/parse_making_ast.c
28	27	ODIN_II/SRC/partial_map.c
6	5	ODIN_II/SRC/queue.c
56	55	ODIN_II/SRC/read_blif.c
7	6	ODIN_II/SRC/read_netlist.c
2	1	ODIN_II/SRC/read_xml_config_file.c
130	135	ODIN_II/SRC/simulate_blif.c
13	13	ODIN_II/SRC/string_cache.c
19	19	ODIN_II/SRC/subtractions.c
28	27	ODIN_II/SRC/verilog_preprocessor.c

--0b076b527--2017-06-01--jeanlego
10	13	ODIN_II/SRC/ace.c
36	39	ODIN_II/SRC/activity_estimation.c
1	0	ODIN_II/SRC/activity_estimation.h
50	41	ODIN_II/SRC/adders.c
61	64	ODIN_II/SRC/ast_elaborate.c
0	1	ODIN_II/SRC/ast_elaborate.h
323	138	ODIN_II/SRC/ast_util.c
9	12	ODIN_II/SRC/ast_util.h
1	0	ODIN_II/SRC/globals.h
2	0	ODIN_II/SRC/hard_blocks.c
0	1	ODIN_II/SRC/hard_blocks.h
15	18	ODIN_II/SRC/hashtable.c
0	1	ODIN_II/SRC/hashtable.h
136	138	ODIN_II/SRC/high_level_data.c
2	1	ODIN_II/SRC/high_level_data.h
5	11	ODIN_II/SRC/implicit_memory.c
0	1	ODIN_II/SRC/implicit_memory.h
42	57	ODIN_II/SRC/memories.c
86	103	ODIN_II/SRC/multipliers.c
4	8	ODIN_II/SRC/netlist_check.c
1	0	ODIN_II/SRC/netlist_check.h
0	1	ODIN_II/SRC/netlist_cleanup.c
240	291	ODIN_II/SRC/netlist_create_from_ast.c
5	5	ODIN_II/SRC/netlist_stats.c
45	36	ODIN_II/SRC/netlist_utils.c
5	10	ODIN_II/SRC/netlist_utils.h
11	12	ODIN_II/SRC/netlist_visualizer.c
15	18	ODIN_II/SRC/node_creation_library.c
2	0	ODIN_II/SRC/odin_ii.c
38	17	ODIN_II/SRC/odin_util.c
1	0	ODIN_II/SRC/odin_util.h
4	6	ODIN_II/SRC/output_blif.c
2	2	ODIN_II/SRC/output_graphcrunch_format.c
24	27	ODIN_II/SRC/parse_making_ast.c
28	31	ODIN_II/SRC/partial_map.c
5	6	ODIN_II/SRC/queue.c
124	164	ODIN_II/SRC/read_blif.c
48	73	ODIN_II/SRC/read_netlist.c
97	104	ODIN_II/SRC/simulate_blif.c
24	24	ODIN_II/SRC/string_cache.c
1	1	ODIN_II/SRC/string_cache.h
46	36	ODIN_II/SRC/subtractions.c
1	8	ODIN_II/SRC/types.h
0	2	ODIN_II/SRC/verilog_flex.l
697	697	ODIN_II/SRC/verilog_preprocessor.c

--be942a10b--2017-05-31--jeanlego
1	2	ODIN_II/SRC/ast_util.c

--af3ba8b76--2017-05-31--jeanlego
85	38	ODIN_II/SRC/ast_util.c
1	1	ODIN_II/SRC/ast_util.h
20	20	ODIN_II/SRC/netlist_create_from_ast.c
11	67	ODIN_II/SRC/parse_making_ast.c

--37d51818f--2017-05-30--jeanlego
0	1	ODIN_II/SRC/ast_util.c
5	5	ODIN_II/SRC/odin_util.c

--70690dd28--2017-05-30--jeanlego
--c59834ea7--2017-05-30--jeanlego
6	6	ODIN_II/SRC/ace.c
9	9	ODIN_II/SRC/activity_estimation.c
11	11	ODIN_II/SRC/adders.c
26	65	ODIN_II/SRC/ast_elaborate.c
0	1	ODIN_II/SRC/ast_elaborate.h
33	124	ODIN_II/SRC/ast_util.c
4	6	ODIN_II/SRC/ast_util.h
11	11	ODIN_II/SRC/hashtable.c
2	2	ODIN_II/SRC/implicit_memory.c
6	6	ODIN_II/SRC/memories.c
24	24	ODIN_II/SRC/multipliers.c
2	2	ODIN_II/SRC/netlist_check.c
65	65	ODIN_II/SRC/netlist_create_from_ast.c
2	2	ODIN_II/SRC/netlist_stats.c
10	10	ODIN_II/SRC/netlist_utils.c
9	9	ODIN_II/SRC/netlist_visualizer.c
24	97	ODIN_II/SRC/odin_util.c
0	1	ODIN_II/SRC/odin_util.h
3	3	ODIN_II/SRC/output_blif.c
2	2	ODIN_II/SRC/output_graphcrunch_format.c
6	6	ODIN_II/SRC/parse_making_ast.c
13	13	ODIN_II/SRC/partial_map.c
2	2	ODIN_II/SRC/queue.c
27	27	ODIN_II/SRC/read_blif.c
3	3	ODIN_II/SRC/read_netlist.c
74	68	ODIN_II/SRC/simulate_blif.c
11	11	ODIN_II/SRC/string_cache.c
9	9	ODIN_II/SRC/subtractions.c
1	0	ODIN_II/SRC/types.h
15	15	ODIN_II/SRC/verilog_preprocessor.c

--3ee35666d--2017-05-27--jeanlego
0	343	ODIN_II/SRC/ast_optimizations.c
0	3	ODIN_II/SRC/ast_optimizations.h
49	45	ODIN_II/SRC/ast_util.c
1	1	ODIN_II/SRC/ast_util.h
20	20	ODIN_II/SRC/netlist_create_from_ast.c
6	23	ODIN_II/SRC/parse_making_ast.c
0	13	ODIN_II/SRC/types.h

--923d3d3c4--2017-05-25--jeanlego
4	2	ODIN_II/SRC/ace.c
9	7	ODIN_II/SRC/activity_estimation.c
0	1	ODIN_II/SRC/activity_estimation.h
24	31	ODIN_II/SRC/adders.c
0	4	ODIN_II/SRC/allocation_def.h
8	5	ODIN_II/SRC/ast_elaborate.c
1	0	ODIN_II/SRC/ast_elaborate.h
1	1	ODIN_II/SRC/ast_optimizations.c
0	1	ODIN_II/SRC/ast_optimizations.h
2	2	ODIN_II/SRC/ast_util.c
2	0	ODIN_II/SRC/ast_util.h
0	41	ODIN_II/SRC/config_type.h
0	1	ODIN_II/SRC/globals.h
0	2	ODIN_II/SRC/hard_blocks.c
1	0	ODIN_II/SRC/hard_blocks.h
3	1	ODIN_II/SRC/hashtable.c
1	0	ODIN_II/SRC/hashtable.h
138	136	ODIN_II/SRC/high_level_data.c
1	2	ODIN_II/SRC/high_level_data.h
9	4	ODIN_II/SRC/implicit_memory.c
1	0	ODIN_II/SRC/implicit_memory.h
1757	1743	ODIN_II/SRC/memories.c
56	38	ODIN_II/SRC/multipliers.c
4	1	ODIN_II/SRC/netlist_check.c
0	1	ODIN_II/SRC/netlist_check.h
2	1	ODIN_II/SRC/netlist_cleanup.c
205	153	ODIN_II/SRC/netlist_create_from_ast.c
1	1	ODIN_II/SRC/netlist_stats.c
26	34	ODIN_II/SRC/netlist_utils.c
10	5	ODIN_II/SRC/netlist_utils.h
1	1	ODIN_II/SRC/netlist_visualizer.c
18	15	ODIN_II/SRC/node_creation_library.c
0	2	ODIN_II/SRC/odin_ii.c
55	39	ODIN_II/SRC/odin_util.c
4	3	ODIN_II/SRC/output_blif.c
2	1	ODIN_II/SRC/parse_making_ast.c
5	3	ODIN_II/SRC/partial_map.c
1	1	ODIN_II/SRC/queue.c
115	76	ODIN_II/SRC/read_blif.c
63	42	ODIN_II/SRC/read_netlist.c
3	2	ODIN_II/SRC/simulate_blif.c
0	1	ODIN_II/SRC/some.txt
1	1	ODIN_II/SRC/string_cache.c
20	29	ODIN_II/SRC/subtractions.c
1	1	ODIN_II/SRC/types.h
2	1	ODIN_II/SRC/verilog_flex.l
1	1	ODIN_II/SRC/verilog_preprocessor.c

--08478c9c6--2017-05-23--Eugene Sha
--3609b14ad--2017-05-23--ginginsha
10	9	ODIN_II/SRC/ast_elaborate.c
14	13	ODIN_II/SRC/ast_util.c
3	2	ODIN_II/SRC/implicit_memory.c
13	12	ODIN_II/SRC/memories.c
7	6	ODIN_II/SRC/netlist_create_from_ast.c
3	3	ODIN_II/SRC/netlist_utils.c
4	3	ODIN_II/SRC/node_creation_library.c
4	3	ODIN_II/SRC/odin_ii.c
4	3	ODIN_II/SRC/odin_ii_func.c
12	12	ODIN_II/SRC/odin_util.c
4	3	ODIN_II/SRC/output_blif.c
3	2	ODIN_II/SRC/parse_making_ast.c
36	36	ODIN_II/SRC/read_blif.c
3	3	ODIN_II/SRC/read_netlist.c
6	5	ODIN_II/SRC/read_xml_config_file.c
11	10	ODIN_II/SRC/simulate_blif.c
2	1	ODIN_II/SRC/string_cache.c
7	5	ODIN_II/SRC/verilog_flex.l
7	6	ODIN_II/SRC/verilog_preprocessor.c

--fb8bca277--2017-05-23--kmurray
2	2	ODIN_II/SRC/ast_elaborate.c

--fcd8aa204--2017-05-21--jeanlego
5	4	ODIN_II/SRC/ace.c
25	24	ODIN_II/SRC/activity_estimation.c
13	15	ODIN_II/SRC/adders.c
4	0	ODIN_II/SRC/allocation_def.h
30	30	ODIN_II/SRC/ast_elaborate.c
3	2	ODIN_II/SRC/ast_optimizations.c
17	16	ODIN_II/SRC/ast_util.c
41	0	ODIN_II/SRC/config_type.h
5	4	ODIN_II/SRC/hashtable.c
2	1	ODIN_II/SRC/implicit_memory.c
7	6	ODIN_II/SRC/memories.c
34	35	ODIN_II/SRC/multipliers.c
3	2	ODIN_II/SRC/netlist_check.c
1	1	ODIN_II/SRC/netlist_cleanup.c
22	23	ODIN_II/SRC/netlist_create_from_ast.c
4	4	ODIN_II/SRC/netlist_stats.c
2	2	ODIN_II/SRC/netlist_utils.c
3	2	ODIN_II/SRC/netlist_visualizer.c
8	10	ODIN_II/SRC/odin_util.c
2	1	ODIN_II/SRC/output_blif.c
5	4	ODIN_II/SRC/parse_making_ast.c
14	13	ODIN_II/SRC/partial_map.c
4	3	ODIN_II/SRC/queue.c
11	10	ODIN_II/SRC/read_blif.c
5	5	ODIN_II/SRC/read_netlist.c
25	25	ODIN_II/SRC/simulate_blif.c
1	0	ODIN_II/SRC/some.txt
12	12	ODIN_II/SRC/string_cache.c
1	1	ODIN_II/SRC/string_cache.h
17	18	ODIN_II/SRC/subtractions.c
4	4	ODIN_II/SRC/verilog_preprocessor.c

--952e4b7b3--2017-05-17--jeanlego
0	0	ODIN_II/SRC/ast_elaborate.c
0	0	ODIN_II/SRC/ast_elaborate.h
1	4	ODIN_II/SRC/ast_optimizations.c
96	26	ODIN_II/SRC/ast_util.c
4	0	ODIN_II/SRC/ast_util.h
0	0	ODIN_II/SRC/netlist_create_from_ast.c
0	0	ODIN_II/SRC/netlist_utils.c
0	0	ODIN_II/SRC/odin_ii_func.c
6	0	ODIN_II/SRC/types.h

--494b27cba--2017-04-04--kmurray
1	1	ODIN_II/SRC/ace.c

--10809b7b4--2017-04-04--kmurray
1	0	ODIN_II/SRC/verilog_flex.l

--d99eaf28a--2017-03-09--kmurray
0	6	ODIN_II/SRC/Makefile

--ed527e1ab--2016-12-08--kmurray
9	9	ODIN_II/SRC/read_xml_config_file.c

--082ddada5--2016-10-14--Panagiotis Patros
2	0	ODIN_II/SRC/ast_elaborate.c
2	1	ODIN_II/SRC/netlist_create_from_ast.c
1	5	ODIN_II/SRC/odin_ii_func.c

--c547999a7--2016-10-14--Panagiotis Patros
0	2	ODIN_II/SRC/ast_elaborate.c

--0b2a2f1fe--2016-10-14--Panagiotis Patros
9	9	ODIN_II/SRC/ast_elaborate.c
3	5	ODIN_II/SRC/ast_elaborate.h

--89bc00c9f--2016-10-13--Panagiotis Patros
1	53	ODIN_II/SRC/ast_elaborate.c
273	272	ODIN_II/SRC/netlist_create_from_ast.c

--124402851--2016-10-14--kmurray
1	1	ODIN_II/SRC/odin_util.c

--6961e79d5--2016-09-15--kmurray
3	3	ODIN_II/SRC/adders.c
4	4	ODIN_II/SRC/ast_util.c
1	1	ODIN_II/SRC/errors.c
2	2	ODIN_II/SRC/hard_blocks.c
1	1	ODIN_II/SRC/memories.c
2	2	ODIN_II/SRC/multipliers.c
6	6	ODIN_II/SRC/netlist_create_from_ast.c
1	1	ODIN_II/SRC/netlist_utils.c
1	1	ODIN_II/SRC/node_creation_library.c
1	1	ODIN_II/SRC/odin_util.c
2	2	ODIN_II/SRC/output_blif.c
2	2	ODIN_II/SRC/parse_making_ast.c
3	3	ODIN_II/SRC/partial_map.c
4	4	ODIN_II/SRC/simulate_blif.c
1	1	ODIN_II/SRC/subtractions.c

--2ad7d7569--2016-09-13--kmurray
1	0	ODIN_II/SRC/ace.c
3	3	ODIN_II/SRC/activity_estimation.c
6	2	ODIN_II/SRC/adders.c
58	46	ODIN_II/SRC/ast_elaborate.c
2	1	ODIN_II/SRC/ast_optimizations.c
6	1	ODIN_II/SRC/ast_util.c
3	0	ODIN_II/SRC/hard_blocks.c
11	11	ODIN_II/SRC/hashtable.c
3	3	ODIN_II/SRC/hashtable.h
1	0	ODIN_II/SRC/implicit_memory.c
8	2	ODIN_II/SRC/memories.c
10	3	ODIN_II/SRC/multipliers.c
18	6	ODIN_II/SRC/netlist_cleanup.c
14	11	ODIN_II/SRC/netlist_create_from_ast.c
5	0	ODIN_II/SRC/netlist_utils.h
3	0	ODIN_II/SRC/netlist_visualizer.c
0	2	ODIN_II/SRC/odin_ii.c
1	0	ODIN_II/SRC/output_blif.c
1	0	ODIN_II/SRC/output_graphcrunch_format.c
5	0	ODIN_II/SRC/outputs.h
0	1	ODIN_II/SRC/partial_map.c
6	6	ODIN_II/SRC/read_blif.c
28	28	ODIN_II/SRC/simulate_blif.c
8	8	ODIN_II/SRC/simulate_blif.h
6	0	ODIN_II/SRC/string_cache.c
1	0	ODIN_II/SRC/subtractions.c
3	0	ODIN_II/SRC/verilog_bison_user_defined.h
1	0	ODIN_II/SRC/verilog_flex.l
5	2	ODIN_II/SRC/verilog_preprocessor.c

--30a47f0a5--2016-09-13--kmurray
16	0	ODIN_II/SRC/parse_making_ast.c

--100c08667--2016-09-13--kmurray
4	0	ODIN_II/SRC/errors.h

--3436ca110--2016-09-13--kmurray
0	1	ODIN_II/SRC/netlist_utils.h

--5cc842140--2016-10-12--Panagiotis Patros
10	15	ODIN_II/SRC/ast_elaborate.c

--f1067965c--2016-10-06--Panagiotis Patros
48	51	ODIN_II/SRC/output_blif.c

--fe2695a41--2016-10-06--Panagiotis Patros
46	45	ODIN_II/SRC/netlist_utils.c
170	161	ODIN_II/SRC/read_blif.c
31	26	ODIN_II/SRC/simulate_blif.c
43	40	ODIN_II/SRC/types.h

--eee9f10f0--2016-09-20--kmurray
1	1	ODIN_II/SRC/netlist_utils.c
1	1	ODIN_II/SRC/netlist_utils.h
51	68	ODIN_II/SRC/read_netlist.c

--044aac053--2016-09-20--kmurray
5	1	ODIN_II/SRC/odin_ii.c
22	21	ODIN_II/SRC/read_xml_config_file.c

--60de1917a--2016-08-25--kmurray
0	1	ODIN_II/SRC/activity_estimation.c
1	1	ODIN_II/SRC/adders.c
1	1	ODIN_II/SRC/ast_elaborate.c
0	1	ODIN_II/SRC/ast_optimizations.c
0	1	ODIN_II/SRC/ast_util.c
0	1	ODIN_II/SRC/errors.c
0	1	ODIN_II/SRC/high_level_data.c
1	0	ODIN_II/SRC/memories.c
1	0	ODIN_II/SRC/multipliers.c
0	1	ODIN_II/SRC/multipliers.h
0	1	ODIN_II/SRC/netlist_check.c
0	1	ODIN_II/SRC/netlist_cleanup.c
0	1	ODIN_II/SRC/netlist_create_from_ast.c
0	1	ODIN_II/SRC/netlist_utils.c
0	1	ODIN_II/SRC/node_creation_library.c
3	1	ODIN_II/SRC/odin_ii.c
0	1	ODIN_II/SRC/odin_ii_func.c
0	1	ODIN_II/SRC/output_blif.c
1	1	ODIN_II/SRC/parse_making_ast.c
0	1	ODIN_II/SRC/partial_map.c
0	1	ODIN_II/SRC/print_netlist.c
7	0	ODIN_II/SRC/print_tags.h
0	1	ODIN_II/SRC/read_blif.c
0	1	ODIN_II/SRC/read_netlist.c
1	0	ODIN_II/SRC/simulate_blif.c
0	1	ODIN_II/SRC/simulate_blif.h
1	1	ODIN_II/SRC/subtractions.c
0	1	ODIN_II/SRC/subtractions.h

--315fd0d49--2016-08-25--kmurray
1	1	ODIN_II/SRC/odin_ii.c

--80142ba02--2016-08-23--kmurray
13	9	ODIN_II/SRC/adders.c
6	7	ODIN_II/SRC/adders.h
13	11	ODIN_II/SRC/memories.c
4	4	ODIN_II/SRC/memories.h
7	3	ODIN_II/SRC/multipliers.c
1	1	ODIN_II/SRC/multipliers.h
3	2	ODIN_II/SRC/odin_util.c
28	27	ODIN_II/SRC/read_blif.c
6	2	ODIN_II/SRC/subtractions.c
2	2	ODIN_II/SRC/subtractions.h

--f3dd410e4--2016-08-11--kmurray
5	1	ODIN_II/SRC/odin_ii.c

--9c079b84f--2016-08-10--Vidya412
1	1	ODIN_II/SRC/simulate_blif.c

--f9d4b1f8d--2016-08-10--Vidya412
1	1	ODIN_II/SRC/simulate_blif.c

--a9af84b51--2016-08-10--Vidya412
1	1	ODIN_II/SRC/simulate_blif.c

--03a01b245--2016-08-10--Vidya412
1	1	ODIN_II/SRC/simulate_blif.c

--d50aacbbd--2016-08-10--Vidya412
1	1	ODIN_II/SRC/multipliers.c

--057e4f906--2016-08-10--Vidya412
--33e01c8aa--2016-08-09--kmurray
--b929e708e--2016-08-09--kmurray
2	2	ODIN_II/SRC/read_xml_config_file.c

--a3c0ada1c--2016-08-09--kmurray
0	43	ODIN_II/SRC/read_xml_config_file.c
0	1	ODIN_II/SRC/read_xml_config_file.h

--ace544ec5--2016-08-09--Jean Wu
111	104	ODIN_II/SRC/read_xml_config_file.c
1	1	ODIN_II/SRC/read_xml_config_file.h

--36aaaa1e5--2016-08-09--Vidya412
--214a35c7e--2016-08-09--Vidya412
1	1	ODIN_II/SRC/ast_elaborate.c

--28ec9951e--2016-08-09--Vidya412
1	1	ODIN_II/SRC/ast_elaborate.c

--ff4e7d7d2--2016-08-09--Vidya412
1	1	ODIN_II/SRC/ast_elaborate.c

--ea392133d--2016-08-09--Vidya412
1	1	ODIN_II/SRC/ast_elaborate.c

--7e8eb5d72--2016-08-09--Vidya412
1	1	ODIN_II/SRC/ast_elaborate.c

--dfc08fed7--2016-08-09--Vidya412
1	1	ODIN_II/SRC/parse_making_ast.c

--3412f1654--2016-08-09--Vidya412
1	0	ODIN_II/SRC/ast_elaborate.c

--0c1389ec5--2016-08-09--Vidya412
1	1	ODIN_II/SRC/ast_elaborate.c

--238ac34cd--2016-08-09--Vidya412
1	0	ODIN_II/SRC/parse_making_ast.c

--53204e263--2016-08-09--Panagiotis Patros
5	3	ODIN_II/SRC/netlist_utils.c

--fd2a7cb62--2016-08-09--Panagiotis Patros
2	2	ODIN_II/SRC/netlist_create_from_ast.c

--cb4f8b901--2016-08-08--Vidya412
14	177	ODIN_II/SRC/netlist_create_from_ast.c
0	95	ODIN_II/SRC/parse_making_ast.c
0	2	ODIN_II/SRC/parse_making_ast.h
0	2	ODIN_II/SRC/types.h
10	22	ODIN_II/SRC/verilog_bison.y

--c0312fed6--2016-08-04--Vidya412
1	1	ODIN_II/SRC/verilog_bison.y

--cb11f1d53--2016-08-03--Vidya412
0	3	ODIN_II/SRC/ast_optimizations.c
28	0	ODIN_II/SRC/ast_util.c
2	0	ODIN_II/SRC/ast_util.h
51	3	ODIN_II/SRC/parse_making_ast.c
1	0	ODIN_II/SRC/parse_making_ast.h
15	32	ODIN_II/SRC/verilog_bison.y

--09780fd51--2016-07-26--Vidya412
177	14	ODIN_II/SRC/netlist_create_from_ast.c
96	0	ODIN_II/SRC/parse_making_ast.c
2	0	ODIN_II/SRC/parse_making_ast.h
2	0	ODIN_II/SRC/types.h
36	5	ODIN_II/SRC/verilog_bison.y

--b1bc0cf38--2016-07-19--Vidya412
4	0	ODIN_II/SRC/ast_optimizations.c
1	0	ODIN_II/SRC/types.h
4	1	ODIN_II/SRC/verilog_bison.y
1	0	ODIN_II/SRC/verilog_flex.l

--4c517c7f6--2016-08-05--Vidya412
1	1	ODIN_II/SRC/ast_util.c
40	4	ODIN_II/SRC/netlist_create_from_ast.c
1	1	ODIN_II/SRC/verilog_bison.y

--e9cf72673--2016-07-18--Panagiotis Patros
6	7	ODIN_II/SRC/verilog_bison.y

--582780ae9--2016-07-14--Panagiotis Patros
4	2	ODIN_II/SRC/verilog_bison.y

--4b3e03f43--2016-07-14--Panagiotis Patros
3	0	ODIN_II/SRC/parse_making_ast.c

--b1ad524c6--2016-07-14--Panagiotis Patros
2	4	ODIN_II/SRC/verilog_bison.y

--554d207d8--2016-07-13--Panagiotis Patros
43	31	ODIN_II/SRC/ast_elaborate.c
2	1	ODIN_II/SRC/verilog_preprocessor.c

--2d755e485--2016-07-04--Vidya Sankaranaryanan
1	0	ODIN_II/SRC/verilog_bison.y

--7b45da236--2016-02-16--srseeley
681	22	ODIN_II/SRC/ace.c
1	1	ODIN_II/SRC/ace.h
2	0	ODIN_II/SRC/netlist_utils.c
36	0	ODIN_II/SRC/simulate_blif.c
1	0	ODIN_II/SRC/simulate_blif.h
1	0	ODIN_II/SRC/types.h

--ecbfc70a5--2016-02-03--kmurray
1	7	ODIN_II/SRC/netlist_create_from_ast.c

--8f73ad5fb--2016-01-19--PanosNB
--6efd301a0--2016-01-11--Panos
13	1	ODIN_II/SRC/output_blif.c

--802dadac3--2016-01-05--vincelasal
32	31	ODIN_II/SRC/netlist_create_from_ast.c
